Determining if the pthread_create exist failed with the following output:
Change Dir: /home/ambition/rosbuild_ws/package_dir/lsd_slam/lsd_slam_core/build/CMakeFiles/CMakeTmp

Run Build Command:"/usr/bin/make" "cmTC_5cb9e/fast"
make[1]: Entering directory '/home/ambition/rosbuild_ws/package_dir/lsd_slam/lsd_slam_core/build/CMakeFiles/CMakeTmp'
/usr/bin/make -f CMakeFiles/cmTC_5cb9e.dir/build.make CMakeFiles/cmTC_5cb9e.dir/build
make[2]: Entering directory '/home/ambition/rosbuild_ws/package_dir/lsd_slam/lsd_slam_core/build/CMakeFiles/CMakeTmp'
Building C object CMakeFiles/cmTC_5cb9e.dir/CheckSymbolExists.c.o
/usr/bin/cc     -o CMakeFiles/cmTC_5cb9e.dir/CheckSymbolExists.c.o   -c /home/ambition/rosbuild_ws/package_dir/lsd_slam/lsd_slam_core/build/CMakeFiles/CMakeTmp/CheckSymbolExists.c
Linking C executable cmTC_5cb9e
/usr/bin/cmake -E cmake_link_script CMakeFiles/cmTC_5cb9e.dir/link.txt --verbose=1
/usr/bin/cc       CMakeFiles/cmTC_5cb9e.dir/CheckSymbolExists.c.o  -o cmTC_5cb9e -rdynamic 
CMakeFiles/cmTC_5cb9e.dir/CheckSymbolExists.c.o: In function `main':
CheckSymbolExists.c:(.text+0x16): undefined reference to `pthread_create'
collect2: error: ld returned 1 exit status
CMakeFiles/cmTC_5cb9e.dir/build.make:97: recipe for target 'cmTC_5cb9e' failed
make[2]: *** [cmTC_5cb9e] Error 1
make[2]: Leaving directory '/home/ambition/rosbuild_ws/package_dir/lsd_slam/lsd_slam_core/build/CMakeFiles/CMakeTmp'
Makefile:126: recipe for target 'cmTC_5cb9e/fast' failed
make[1]: *** [cmTC_5cb9e/fast] Error 2
make[1]: Leaving directory '/home/ambition/rosbuild_ws/package_dir/lsd_slam/lsd_slam_core/build/CMakeFiles/CMakeTmp'

File /home/ambition/rosbuild_ws/package_dir/lsd_slam/lsd_slam_core/build/CMakeFiles/CMakeTmp/CheckSymbolExists.c:
/* */
#include <pthread.h>

int main(int argc, char** argv)
{
  (void)argv;
#ifndef pthread_create
  return ((int*)(&pthread_create))[argc];
#else
  (void)argc;
  return 0;
#endif
}

Determining if the function pthread_create exists in the pthreads failed with the following output:
Change Dir: /home/ambition/rosbuild_ws/package_dir/lsd_slam/lsd_slam_core/build/CMakeFiles/CMakeTmp

Run Build Command:"/usr/bin/make" "cmTC_b84d5/fast"
make[1]: Entering directory '/home/ambition/rosbuild_ws/package_dir/lsd_slam/lsd_slam_core/build/CMakeFiles/CMakeTmp'
/usr/bin/make -f CMakeFiles/cmTC_b84d5.dir/build.make CMakeFiles/cmTC_b84d5.dir/build
make[2]: Entering directory '/home/ambition/rosbuild_ws/package_dir/lsd_slam/lsd_slam_core/build/CMakeFiles/CMakeTmp'
Building C object CMakeFiles/cmTC_b84d5.dir/CheckFunctionExists.c.o
/usr/bin/cc    -DCHECK_FUNCTION_EXISTS=pthread_create   -o CMakeFiles/cmTC_b84d5.dir/CheckFunctionExists.c.o   -c /usr/share/cmake-3.5/Modules/CheckFunctionExists.c
Linking C executable cmTC_b84d5
/usr/bin/cmake -E cmake_link_script CMakeFiles/cmTC_b84d5.dir/link.txt --verbose=1
/usr/bin/cc   -DCHECK_FUNCTION_EXISTS=pthread_create    CMakeFiles/cmTC_b84d5.dir/CheckFunctionExists.c.o  -o cmTC_b84d5 -rdynamic -lpthreads 
/usr/bin/ld: cannot find -lpthreads
collect2: error: ld returned 1 exit status
CMakeFiles/cmTC_b84d5.dir/build.make:97: recipe for target 'cmTC_b84d5' failed
make[2]: *** [cmTC_b84d5] Error 1
make[2]: Leaving directory '/home/ambition/rosbuild_ws/package_dir/lsd_slam/lsd_slam_core/build/CMakeFiles/CMakeTmp'
Makefile:126: recipe for target 'cmTC_b84d5/fast' failed
make[1]: *** [cmTC_b84d5/fast] Error 2
make[1]: Leaving directory '/home/ambition/rosbuild_ws/package_dir/lsd_slam/lsd_slam_core/build/CMakeFiles/CMakeTmp'


